<?xml version="1.0" encoding="UTF-8"?>
<!-- Generated by org.testng.reporters.JUnitXMLReporter -->
<testsuite ignored="8" hostname="esolis-2.local" failures="0" tests="1" name="TEST_2" time="17.289" errors="0" timestamp="19 Jul 2018 20:18:01 GMT">
  <testcase classname="test.RealGeeksTest" name="realGeeksToSierraInteractive" time="10.442"/>
  <testcase classname="test.RealGeeksTest" name="RealGeeks2BoomTownAsDraftTest" time="0.0">
    <ignored/>
  </testcase> <!-- RealGeeks2BoomTownAsDraftTest -->
  <testcase classname="test.RealGeeksTest" name="RealGeeks2SalesForceAsDraftTest" time="0.0">
    <ignored/>
  </testcase> <!-- RealGeeks2SalesForceAsDraftTest -->
  <testcase classname="test.RealGeeksTest" name="RealGeeks2FollowUpBossAsDraftTest" time="0.0">
    <ignored/>
  </testcase> <!-- RealGeeks2FollowUpBossAsDraftTest -->
  <testcase classname="test.RealGeeksTest" name="RealGeeks2BoomTownAsDraftShowVerificationInstructionsTest" time="0.0">
    <ignored/>
  </testcase> <!-- RealGeeks2BoomTownAsDraftShowVerificationInstructionsTest -->
  <testcase classname="test.RealGeeksTest" name="RealGeeks2FollowUpBossAsDraftShowVerificationInstructionsTest" time="0.0">
    <ignored/>
  </testcase> <!-- RealGeeks2FollowUpBossAsDraftShowVerificationInstructionsTest -->
  <testcase classname="test.RealGeeksTest" name="RealGeeks2SalesForceAsDraftShowVerificationInstructionsTest" time="0.0">
    <ignored/>
  </testcase> <!-- RealGeeks2SalesForceAsDraftShowVerificationInstructionsTest -->
  <testcase classname="test.RealGeeksTest" name="RealGeeks2ContactuallyAsDraftShowVerificationInstructionsTest" time="0.0">
    <ignored/>
  </testcase> <!-- RealGeeks2ContactuallyAsDraftShowVerificationInstructionsTest -->
  <testcase classname="test.RealGeeksTest" name="RealGeeks2ContactuallyAsDraftTest" time="0.0">
    <ignored/>
  </testcase> <!-- RealGeeks2ContactuallyAsDraftTest -->
</testsuite> <!-- TEST_2 -->
