<?xml version="1.0" encoding="UTF-8"?>
<!-- Generated by org.testng.reporters.JUnitXMLReporter -->
<testsuite ignored="19" hostname="esolis-2.local" failures="0" tests="1" name="TEST" time="40.37" errors="0" timestamp="19 Jul 2018 20:17:12 GMT">
  <testcase classname="test.VoicePadTest" name="voicePadToLionDesk" time="29.733"/>
  <testcase classname="test.VoicePadTest" name="completeVoicepad2Contactually" time="0.0">
    <ignored/>
  </testcase> <!-- completeVoicepad2Contactually -->
  <testcase classname="test.VoicePadTest" name="VoicePad2BoomTownWCredentialsAsDraftShowVerificationInstructions" time="0.0">
    <ignored/>
  </testcase> <!-- VoicePad2BoomTownWCredentialsAsDraftShowVerificationInstructions -->
  <testcase classname="test.VoicePadTest" name="VoicePad2ContactuallyAsDraftShowVerificationInstructions" time="0.0">
    <ignored/>
  </testcase> <!-- VoicePad2ContactuallyAsDraftShowVerificationInstructions -->
  <testcase classname="test.VoicePadTest" name="VoicePad2ContractuallyWCredentialsAsDraftShowVerificationInstructions" time="0.0">
    <ignored/>
  </testcase> <!-- VoicePad2ContractuallyWCredentialsAsDraftShowVerificationInstructions -->
  <testcase classname="test.VoicePadTest" name="VoicePad2SalesForceAsDraftShowVerificationInstructions" time="0.0">
    <ignored/>
  </testcase> <!-- VoicePad2SalesForceAsDraftShowVerificationInstructions -->
  <testcase classname="test.VoicePadTest" name="VoicePad2ContractuallyWCredentialsAsDraft" time="0.0">
    <ignored/>
  </testcase> <!-- VoicePad2ContractuallyWCredentialsAsDraft -->
  <testcase classname="test.VoicePadTest" name="VoicePad2FollowupbossAsDraftTest" time="0.0">
    <ignored/>
  </testcase> <!-- VoicePad2FollowupbossAsDraftTest -->
  <testcase classname="test.VoicePadTest" name="VoicePad2FollowUpBossWCredentialsAsDraft" time="0.0">
    <ignored/>
  </testcase> <!-- VoicePad2FollowUpBossWCredentialsAsDraft -->
  <testcase classname="test.VoicePadTest" name="VoicePad2FollowUpBossWCredentialsAsDraftShowVerificationInstructions" time="0.0">
    <ignored/>
  </testcase> <!-- VoicePad2FollowUpBossWCredentialsAsDraftShowVerificationInstructions -->
  <testcase classname="test.VoicePadTest" name="VoicePad2SalesForceAsDraftTest" time="0.0">
    <ignored/>
  </testcase> <!-- VoicePad2SalesForceAsDraftTest -->
  <testcase classname="test.VoicePadTest" name="VoicePad2SalesForceWCredentialsAsDraft" time="0.0">
    <ignored/>
  </testcase> <!-- VoicePad2SalesForceWCredentialsAsDraft -->
  <testcase classname="test.VoicePadTest" name="VoicePad2BoomTownAsDraftShowVerificationInstructions" time="0.0">
    <ignored/>
  </testcase> <!-- VoicePad2BoomTownAsDraftShowVerificationInstructions -->
  <testcase classname="test.VoicePadTest" name="completeVoicepad2ContactuallyCredentials" time="0.0">
    <ignored/>
  </testcase> <!-- completeVoicepad2ContactuallyCredentials -->
  <testcase classname="test.VoicePadTest" name="VoicePad2BoomTownAsDraft" time="0.0">
    <ignored/>
  </testcase> <!-- VoicePad2BoomTownAsDraft -->
  <testcase classname="test.VoicePadTest" name="VoicePad2SalesForceWCredentialsAsDraftShowVerificationInstructions" time="0.0">
    <ignored/>
  </testcase> <!-- VoicePad2SalesForceWCredentialsAsDraftShowVerificationInstructions -->
  <testcase classname="test.VoicePadTest" name="VoicePad2FollowupbossAsDraftShowVerificationInstructions" time="0.0">
    <ignored/>
  </testcase> <!-- VoicePad2FollowupbossAsDraftShowVerificationInstructions -->
  <testcase classname="test.VoicePadTest" name="VoicePad2ContactuallyAsDraftTest" time="0.0">
    <ignored/>
  </testcase> <!-- VoicePad2ContactuallyAsDraftTest -->
  <testcase classname="test.VoicePadTest" name="VoicePad2BoomTownWCredentialsAsDraft" time="0.0">
    <ignored/>
  </testcase> <!-- VoicePad2BoomTownWCredentialsAsDraft -->
  <testcase classname="test.VoicePadTest" name="voicePadToSierraInteractive" time="0.0">
    <ignored/>
  </testcase> <!-- voicePadToSierraInteractive -->
</testsuite> <!-- TEST -->
