<?xml version="1.0" encoding="UTF-8"?>
<!-- Generated by org.testng.reporters.JUnitXMLReporter -->
<testsuite ignored="19" hostname="esolis-2.local" failures="1" tests="1" name="TEST_1" time="18.902" errors="0" timestamp="19 Jul 2018 19:39:55 GMT">
  <testcase classname="test.BaseTest" name="@AfterClass tearDown" time="0.047">
    <failure type="org.openqa.selenium.remote.UnreachableBrowserException" message="Error communicating with the remote browser. It may have died.
Build info: version: &amp;apos;3.7.1&amp;apos;, revision: &amp;apos;8a0099a&amp;apos;, time: &amp;apos;2017-11-06T21:01:39.354Z&amp;apos;
System info: host: &amp;apos;esolis-2.local&amp;apos;, ip: &amp;apos;fe80:0:0:0:188f:94ca:d3b0:9f8f%en0&amp;apos;, os.name: &amp;apos;Mac OS X&amp;apos;, os.arch: &amp;apos;x86_64&amp;apos;, os.version: &amp;apos;10.13.2&amp;apos;, java.version: &amp;apos;9&amp;apos;
Driver info: driver.version: RemoteWebDriver
Capabilities {acceptInsecureCerts: true, browserName: firefox, browserVersion: 58.0.2, javascriptEnabled: true, moz:accessibilityChecks: false, moz:headless: false, moz:processID: 14394, moz:profile: /tmp/rust_mozprofile.gkPMJg..., moz:webdriverClick: true, pageLoadStrategy: normal, platform: LINUX, platformName: LINUX, platformVersion: 4.15.13-x86_64-linode106, rotatable: false, timeouts: {implicit: 0, pageLoad: 300000, script: 30000}, webdriver.remote.sessionid: b31470a5-b93a-4a9c-b796-ee8...}
Session ID: b31470a5-b93a-4a9c-b796-ee8e18c400b1">
      <![CDATA[org.openqa.selenium.remote.UnreachableBrowserException: Error communicating with the remote browser. It may have died.
Build info: version: '3.7.1', revision: '8a0099a', time: '2017-11-06T21:01:39.354Z'
System info: host: 'esolis-2.local', ip: 'fe80:0:0:0:188f:94ca:d3b0:9f8f%en0', os.name: 'Mac OS X', os.arch: 'x86_64', os.version: '10.13.2', java.version: '9'
Driver info: driver.version: RemoteWebDriver
Capabilities {acceptInsecureCerts: true, browserName: firefox, browserVersion: 58.0.2, javascriptEnabled: true, moz:accessibilityChecks: false, moz:headless: false, moz:processID: 14394, moz:profile: /tmp/rust_mozprofile.gkPMJg..., moz:webdriverClick: true, pageLoadStrategy: normal, platform: LINUX, platformName: LINUX, platformVersion: 4.15.13-x86_64-linode106, rotatable: false, timeouts: {implicit: 0, pageLoad: 300000, script: 30000}, webdriver.remote.sessionid: b31470a5-b93a-4a9c-b796-ee8...}
Session ID: b31470a5-b93a-4a9c-b796-ee8e18c400b1
at org.openqa.selenium.remote.RemoteWebDriver.execute(RemoteWebDriver.java:621)
at org.openqa.selenium.remote.RemoteWebDriver.execute(RemoteWebDriver.java:657)
at org.openqa.selenium.remote.RemoteWebDriver.quit(RemoteWebDriver.java:496)
at test.BaseTest.tearDown(BaseTest.java:96)
Caused by: org.apache.http.conn.HttpHostConnectException: Connect to 45.33.121.99:4444 [/45.33.121.99] failed: Connection refused (Connection refused)
at org.apache.http.impl.conn.DefaultHttpClientConnectionOperator.connect(DefaultHttpClientConnectionOperator.java:159)
at org.apache.http.impl.conn.PoolingHttpClientConnectionManager.connect(PoolingHttpClientConnectionManager.java:359)
at org.apache.http.impl.execchain.MainClientExec.establishRoute(MainClientExec.java:381)
at org.apache.http.impl.execchain.MainClientExec.execute(MainClientExec.java:237)
at org.apache.http.impl.execchain.ProtocolExec.execute(ProtocolExec.java:185)
at org.apache.http.impl.execchain.RetryExec.execute(RetryExec.java:89)
at org.apache.http.impl.execchain.RedirectExec.execute(RedirectExec.java:111)
at org.apache.http.impl.client.InternalHttpClient.doExecute(InternalHttpClient.java:185)
at org.apache.http.impl.client.CloseableHttpClient.execute(CloseableHttpClient.java:72)
at org.apache.http.impl.client.CloseableHttpClient.execute(CloseableHttpClient.java:56)
at org.openqa.selenium.remote.internal.ApacheHttpClient.fallBackExecute(ApacheHttpClient.java:138)
at org.openqa.selenium.remote.internal.ApacheHttpClient.execute(ApacheHttpClient.java:86)
at org.openqa.selenium.remote.HttpCommandExecutor.execute(HttpCommandExecutor.java:161)
at org.openqa.selenium.remote.RemoteWebDriver.execute(RemoteWebDriver.java:600)
... 32 more
Caused by: java.net.ConnectException: Connection refused (Connection refused)
at java.base/java.net.PlainSocketImpl.socketConnect(Native Method)
at java.base/java.net.AbstractPlainSocketImpl.doConnect(AbstractPlainSocketImpl.java:400)
at java.base/java.net.AbstractPlainSocketImpl.connectToAddress(AbstractPlainSocketImpl.java:243)
at java.base/java.net.AbstractPlainSocketImpl.connect(AbstractPlainSocketImpl.java:225)
at java.base/java.net.SocksSocketImpl.connect(SocksSocketImpl.java:402)
at java.base/java.net.Socket.connect(Socket.java:591)
at org.apache.http.conn.socket.PlainConnectionSocketFactory.connectSocket(PlainConnectionSocketFactory.java:75)
at org.apache.http.impl.conn.DefaultHttpClientConnectionOperator.connect(DefaultHttpClientConnectionOperator.java:142)
... 45 more
... Removed 29 stack frames]]>
    </failure>
  </testcase> <!-- @AfterClass tearDown -->
  <testcase classname="test.VoicePadTest" name="voicePadToSierraInteractive" time="11.639">
    <failure type="org.openqa.selenium.remote.UnreachableBrowserException" message="Error communicating with the remote browser. It may have died.
Build info: version: &amp;apos;3.7.1&amp;apos;, revision: &amp;apos;8a0099a&amp;apos;, time: &amp;apos;2017-11-06T21:01:39.354Z&amp;apos;
System info: host: &amp;apos;esolis-2.local&amp;apos;, ip: &amp;apos;fe80:0:0:0:188f:94ca:d3b0:9f8f%en0&amp;apos;, os.name: &amp;apos;Mac OS X&amp;apos;, os.arch: &amp;apos;x86_64&amp;apos;, os.version: &amp;apos;10.13.2&amp;apos;, java.version: &amp;apos;9&amp;apos;
Driver info: driver.version: RemoteWebDriver
Capabilities {acceptInsecureCerts: true, browserName: firefox, browserVersion: 58.0.2, javascriptEnabled: true, moz:accessibilityChecks: false, moz:headless: false, moz:processID: 14394, moz:profile: /tmp/rust_mozprofile.gkPMJg..., moz:webdriverClick: true, pageLoadStrategy: normal, platform: LINUX, platformName: LINUX, platformVersion: 4.15.13-x86_64-linode106, rotatable: false, timeouts: {implicit: 0, pageLoad: 300000, script: 30000}, webdriver.remote.sessionid: b31470a5-b93a-4a9c-b796-ee8...}
Session ID: b31470a5-b93a-4a9c-b796-ee8e18c400b1">
      <![CDATA[org.openqa.selenium.remote.UnreachableBrowserException: Error communicating with the remote browser. It may have died.
Build info: version: '3.7.1', revision: '8a0099a', time: '2017-11-06T21:01:39.354Z'
System info: host: 'esolis-2.local', ip: 'fe80:0:0:0:188f:94ca:d3b0:9f8f%en0', os.name: 'Mac OS X', os.arch: 'x86_64', os.version: '10.13.2', java.version: '9'
Driver info: driver.version: RemoteWebDriver
Capabilities {acceptInsecureCerts: true, browserName: firefox, browserVersion: 58.0.2, javascriptEnabled: true, moz:accessibilityChecks: false, moz:headless: false, moz:processID: 14394, moz:profile: /tmp/rust_mozprofile.gkPMJg..., moz:webdriverClick: true, pageLoadStrategy: normal, platform: LINUX, platformName: LINUX, platformVersion: 4.15.13-x86_64-linode106, rotatable: false, timeouts: {implicit: 0, pageLoad: 300000, script: 30000}, webdriver.remote.sessionid: b31470a5-b93a-4a9c-b796-ee8...}
Session ID: b31470a5-b93a-4a9c-b796-ee8e18c400b1
at org.openqa.selenium.remote.RemoteWebDriver.execute(RemoteWebDriver.java:621)
at org.openqa.selenium.remote.RemoteWebElement.execute(RemoteWebElement.java:279)
at org.openqa.selenium.remote.RemoteWebElement.click(RemoteWebElement.java:83)
at org.openqa.selenium.support.pagefactory.internal.LocatingElementHandler.invoke(LocatingElementHandler.java:51)
at com.sun.proxy.$Proxy10.click(Unknown Source)
at page.CredentialsPage.clickOnSourceInputButton(CredentialsPage.java:79)
at flows.VoicePadFlows.voicePadCredentialsFlow(VoicePadFlows.java:8)
at test.VoicePadTest.voicePadToSierraInteractive(VoicePadTest.java:327)
Caused by: org.apache.http.conn.HttpHostConnectException: Connect to 45.33.121.99:4444 [/45.33.121.99] failed: Connection refused (Connection refused)
at org.apache.http.impl.conn.DefaultHttpClientConnectionOperator.connect(DefaultHttpClientConnectionOperator.java:159)
at org.apache.http.impl.conn.PoolingHttpClientConnectionManager.connect(PoolingHttpClientConnectionManager.java:359)
at org.apache.http.impl.execchain.MainClientExec.establishRoute(MainClientExec.java:381)
at org.apache.http.impl.execchain.MainClientExec.execute(MainClientExec.java:237)
at org.apache.http.impl.execchain.ProtocolExec.execute(ProtocolExec.java:185)
at org.apache.http.impl.execchain.RetryExec.execute(RetryExec.java:89)
at org.apache.http.impl.execchain.RedirectExec.execute(RedirectExec.java:111)
at org.apache.http.impl.client.InternalHttpClient.doExecute(InternalHttpClient.java:185)
at org.apache.http.impl.client.CloseableHttpClient.execute(CloseableHttpClient.java:72)
at org.apache.http.impl.client.CloseableHttpClient.execute(CloseableHttpClient.java:56)
at org.openqa.selenium.remote.internal.ApacheHttpClient.fallBackExecute(ApacheHttpClient.java:156)
at org.openqa.selenium.remote.internal.ApacheHttpClient.execute(ApacheHttpClient.java:86)
at org.openqa.selenium.remote.HttpCommandExecutor.execute(HttpCommandExecutor.java:161)
at org.openqa.selenium.remote.RemoteWebDriver.execute(RemoteWebDriver.java:600)
... 38 more
Caused by: java.net.ConnectException: Connection refused (Connection refused)
at java.base/java.net.PlainSocketImpl.socketConnect(Native Method)
at java.base/java.net.AbstractPlainSocketImpl.doConnect(AbstractPlainSocketImpl.java:400)
at java.base/java.net.AbstractPlainSocketImpl.connectToAddress(AbstractPlainSocketImpl.java:243)
at java.base/java.net.AbstractPlainSocketImpl.connect(AbstractPlainSocketImpl.java:225)
at java.base/java.net.SocksSocketImpl.connect(SocksSocketImpl.java:402)
at java.base/java.net.Socket.connect(Socket.java:591)
at org.apache.http.conn.socket.PlainConnectionSocketFactory.connectSocket(PlainConnectionSocketFactory.java:75)
at org.apache.http.impl.conn.DefaultHttpClientConnectionOperator.connect(DefaultHttpClientConnectionOperator.java:142)
... 51 more
... Removed 31 stack frames]]>
    </failure>
  </testcase> <!-- voicePadToSierraInteractive -->
  <testcase classname="test.VoicePadTest" name="completeVoicepad2Contactually" time="0.0">
    <ignored/>
  </testcase> <!-- completeVoicepad2Contactually -->
  <testcase classname="test.VoicePadTest" name="VoicePad2BoomTownWCredentialsAsDraftShowVerificationInstructions" time="0.0">
    <ignored/>
  </testcase> <!-- VoicePad2BoomTownWCredentialsAsDraftShowVerificationInstructions -->
  <testcase classname="test.VoicePadTest" name="VoicePad2ContactuallyAsDraftShowVerificationInstructions" time="0.0">
    <ignored/>
  </testcase> <!-- VoicePad2ContactuallyAsDraftShowVerificationInstructions -->
  <testcase classname="test.VoicePadTest" name="VoicePad2ContractuallyWCredentialsAsDraftShowVerificationInstructions" time="0.0">
    <ignored/>
  </testcase> <!-- VoicePad2ContractuallyWCredentialsAsDraftShowVerificationInstructions -->
  <testcase classname="test.VoicePadTest" name="VoicePad2SalesForceAsDraftShowVerificationInstructions" time="0.0">
    <ignored/>
  </testcase> <!-- VoicePad2SalesForceAsDraftShowVerificationInstructions -->
  <testcase classname="test.VoicePadTest" name="VoicePad2ContractuallyWCredentialsAsDraft" time="0.0">
    <ignored/>
  </testcase> <!-- VoicePad2ContractuallyWCredentialsAsDraft -->
  <testcase classname="test.VoicePadTest" name="VoicePad2FollowupbossAsDraftTest" time="0.0">
    <ignored/>
  </testcase> <!-- VoicePad2FollowupbossAsDraftTest -->
  <testcase classname="test.VoicePadTest" name="VoicePad2FollowUpBossWCredentialsAsDraft" time="0.0">
    <ignored/>
  </testcase> <!-- VoicePad2FollowUpBossWCredentialsAsDraft -->
  <testcase classname="test.VoicePadTest" name="VoicePad2FollowUpBossWCredentialsAsDraftShowVerificationInstructions" time="0.0">
    <ignored/>
  </testcase> <!-- VoicePad2FollowUpBossWCredentialsAsDraftShowVerificationInstructions -->
  <testcase classname="test.VoicePadTest" name="voicePadToLionDesk" time="0.0">
    <ignored/>
  </testcase> <!-- voicePadToLionDesk -->
  <testcase classname="test.VoicePadTest" name="VoicePad2SalesForceAsDraftTest" time="0.0">
    <ignored/>
  </testcase> <!-- VoicePad2SalesForceAsDraftTest -->
  <testcase classname="test.VoicePadTest" name="VoicePad2SalesForceWCredentialsAsDraft" time="0.0">
    <ignored/>
  </testcase> <!-- VoicePad2SalesForceWCredentialsAsDraft -->
  <testcase classname="test.VoicePadTest" name="VoicePad2BoomTownAsDraftShowVerificationInstructions" time="0.0">
    <ignored/>
  </testcase> <!-- VoicePad2BoomTownAsDraftShowVerificationInstructions -->
  <testcase classname="test.VoicePadTest" name="completeVoicepad2ContactuallyCredentials" time="0.0">
    <ignored/>
  </testcase> <!-- completeVoicepad2ContactuallyCredentials -->
  <testcase classname="test.VoicePadTest" name="VoicePad2BoomTownAsDraft" time="0.0">
    <ignored/>
  </testcase> <!-- VoicePad2BoomTownAsDraft -->
  <testcase classname="test.VoicePadTest" name="VoicePad2SalesForceWCredentialsAsDraftShowVerificationInstructions" time="0.0">
    <ignored/>
  </testcase> <!-- VoicePad2SalesForceWCredentialsAsDraftShowVerificationInstructions -->
  <testcase classname="test.VoicePadTest" name="VoicePad2FollowupbossAsDraftShowVerificationInstructions" time="0.0">
    <ignored/>
  </testcase> <!-- VoicePad2FollowupbossAsDraftShowVerificationInstructions -->
  <testcase classname="test.VoicePadTest" name="VoicePad2ContactuallyAsDraftTest" time="0.0">
    <ignored/>
  </testcase> <!-- VoicePad2ContactuallyAsDraftTest -->
  <testcase classname="test.VoicePadTest" name="VoicePad2BoomTownWCredentialsAsDraft" time="0.0">
    <ignored/>
  </testcase> <!-- VoicePad2BoomTownWCredentialsAsDraft -->
</testsuite> <!-- TEST_1 -->
