<?xml version="1.0" encoding="UTF-8"?>
<!-- Generated by org.testng.reporters.JUnitXMLReporter -->
<testsuite ignored="8" hostname="esolis-2.local" failures="0" tests="1" name="TEST_2" time="0.4" errors="0" timestamp="19 Jul 2018 19:39:56 GMT">
  <testcase classname="test.BaseTest" name="@BeforeTest setUp" time="0.382">
    <failure type="org.openqa.selenium.remote.UnreachableBrowserException" message="Could not start a new session. Possible causes are invalid address of the remote server or browser start-up failure.
Build info: version: &amp;apos;3.7.1&amp;apos;, revision: &amp;apos;8a0099a&amp;apos;, time: &amp;apos;2017-11-06T21:01:39.354Z&amp;apos;
System info: host: &amp;apos;esolis-2.local&amp;apos;, ip: &amp;apos;fe80:0:0:0:188f:94ca:d3b0:9f8f%en0&amp;apos;, os.name: &amp;apos;Mac OS X&amp;apos;, os.arch: &amp;apos;x86_64&amp;apos;, os.version: &amp;apos;10.13.2&amp;apos;, java.version: &amp;apos;9&amp;apos;
Driver info: driver.version: RemoteWebDriver">
      <![CDATA[org.openqa.selenium.remote.UnreachableBrowserException: Could not start a new session. Possible causes are invalid address of the remote server or browser start-up failure.
Build info: version: '3.7.1', revision: '8a0099a', time: '2017-11-06T21:01:39.354Z'
System info: host: 'esolis-2.local', ip: 'fe80:0:0:0:188f:94ca:d3b0:9f8f%en0', os.name: 'Mac OS X', os.arch: 'x86_64', os.version: '10.13.2', java.version: '9'
Driver info: driver.version: RemoteWebDriver
at org.openqa.selenium.remote.RemoteWebDriver.execute(RemoteWebDriver.java:621)
at org.openqa.selenium.remote.RemoteWebDriver.startSession(RemoteWebDriver.java:219)
at org.openqa.selenium.remote.RemoteWebDriver.<init>(RemoteWebDriver.java:142)
at org.openqa.selenium.remote.RemoteWebDriver.<init>(RemoteWebDriver.java:155)
at test.BaseTest.setUp(BaseTest.java:61)
Caused by: org.apache.http.conn.HttpHostConnectException: Connect to 45.33.121.99:4444 [/45.33.121.99] failed: Connection refused (Connection refused)
at org.apache.http.impl.conn.DefaultHttpClientConnectionOperator.connect(DefaultHttpClientConnectionOperator.java:159)
at org.apache.http.impl.conn.PoolingHttpClientConnectionManager.connect(PoolingHttpClientConnectionManager.java:359)
at org.apache.http.impl.execchain.MainClientExec.establishRoute(MainClientExec.java:381)
at org.apache.http.impl.execchain.MainClientExec.execute(MainClientExec.java:237)
at org.apache.http.impl.execchain.ProtocolExec.execute(ProtocolExec.java:185)
at org.apache.http.impl.execchain.RetryExec.execute(RetryExec.java:89)
at org.apache.http.impl.execchain.RedirectExec.execute(RedirectExec.java:111)
at org.apache.http.impl.client.InternalHttpClient.doExecute(InternalHttpClient.java:185)
at org.apache.http.impl.client.CloseableHttpClient.execute(CloseableHttpClient.java:72)
at org.apache.http.impl.client.CloseableHttpClient.execute(CloseableHttpClient.java:56)
at org.openqa.selenium.remote.internal.ApacheHttpClient.fallBackExecute(ApacheHttpClient.java:138)
at org.openqa.selenium.remote.internal.ApacheHttpClient.execute(ApacheHttpClient.java:86)
at org.openqa.selenium.remote.ProtocolHandshake.createSession(ProtocolHandshake.java:101)
at org.openqa.selenium.remote.ProtocolHandshake.createSession(ProtocolHandshake.java:73)
at org.openqa.selenium.remote.HttpCommandExecutor.execute(HttpCommandExecutor.java:142)
at org.openqa.selenium.remote.RemoteWebDriver.execute(RemoteWebDriver.java:600)
... 31 more
Caused by: java.net.ConnectException: Connection refused (Connection refused)
at java.base/java.net.PlainSocketImpl.socketConnect(Native Method)
at java.base/java.net.AbstractPlainSocketImpl.doConnect(AbstractPlainSocketImpl.java:400)
at java.base/java.net.AbstractPlainSocketImpl.connectToAddress(AbstractPlainSocketImpl.java:243)
at java.base/java.net.AbstractPlainSocketImpl.connect(AbstractPlainSocketImpl.java:225)
at java.base/java.net.SocksSocketImpl.connect(SocksSocketImpl.java:402)
at java.base/java.net.Socket.connect(Socket.java:591)
at org.apache.http.conn.socket.PlainConnectionSocketFactory.connectSocket(PlainConnectionSocketFactory.java:75)
at org.apache.http.impl.conn.DefaultHttpClientConnectionOperator.connect(DefaultHttpClientConnectionOperator.java:142)
... 46 more
... Removed 27 stack frames]]>
    </failure>
  </testcase> <!-- @BeforeTest setUp -->
  <testcase classname="test.BaseTest" name="@AfterClass tearDown" time="0.001">
    <failure type="java.lang.NullPointerException">
      <![CDATA[java.lang.NullPointerException
at test.BaseTest.tearDown(BaseTest.java:96)
... Removed 29 stack frames]]>
    </failure>
  </testcase> <!-- @AfterClass tearDown -->
  <testcase classname="test.RealGeeksTest" name="realGeeksToSierraInteractive" time="0.0">
    <skipped/>
  </testcase> <!-- realGeeksToSierraInteractive -->
  <testcase classname="test.RealGeeksTest" name="RealGeeks2BoomTownAsDraftTest" time="0.0">
    <ignored/>
  </testcase> <!-- RealGeeks2BoomTownAsDraftTest -->
  <testcase classname="test.RealGeeksTest" name="RealGeeks2SalesForceAsDraftTest" time="0.0">
    <ignored/>
  </testcase> <!-- RealGeeks2SalesForceAsDraftTest -->
  <testcase classname="test.RealGeeksTest" name="RealGeeks2FollowUpBossAsDraftTest" time="0.0">
    <ignored/>
  </testcase> <!-- RealGeeks2FollowUpBossAsDraftTest -->
  <testcase classname="test.RealGeeksTest" name="RealGeeks2BoomTownAsDraftShowVerificationInstructionsTest" time="0.0">
    <ignored/>
  </testcase> <!-- RealGeeks2BoomTownAsDraftShowVerificationInstructionsTest -->
  <testcase classname="test.RealGeeksTest" name="RealGeeks2FollowUpBossAsDraftShowVerificationInstructionsTest" time="0.0">
    <ignored/>
  </testcase> <!-- RealGeeks2FollowUpBossAsDraftShowVerificationInstructionsTest -->
  <testcase classname="test.RealGeeksTest" name="RealGeeks2SalesForceAsDraftShowVerificationInstructionsTest" time="0.0">
    <ignored/>
  </testcase> <!-- RealGeeks2SalesForceAsDraftShowVerificationInstructionsTest -->
  <testcase classname="test.RealGeeksTest" name="RealGeeks2ContactuallyAsDraftShowVerificationInstructionsTest" time="0.0">
    <ignored/>
  </testcase> <!-- RealGeeks2ContactuallyAsDraftShowVerificationInstructionsTest -->
  <testcase classname="test.RealGeeksTest" name="RealGeeks2ContactuallyAsDraftTest" time="0.0">
    <ignored/>
  </testcase> <!-- RealGeeks2ContactuallyAsDraftTest -->
</testsuite> <!-- TEST_2 -->
