<?xml version="1.0" encoding="UTF-8"?>
<testng-results ignored="19" total="20" passed="1" failed="0" skipped="0">
  <reporter-output>
  </reporter-output>
  <suite started-at="2018-07-27T21:15:58Z" name="TEST" finished-at="2018-07-27T21:16:36Z" duration-ms="38000">
    <groups>
      <group name="VP to LionDesk">
        <method signature="VoicePadTest.voicePadToLionDesk()[pri:0, instance:test.VoicePadTest@78691363]" name="voicePadToLionDesk" class="test.VoicePadTest"/>
      </group> <!-- VP to LionDesk -->
    </groups>
    <test started-at="2018-07-27T21:15:58Z" name="TEST" finished-at="2018-07-27T21:16:36Z" duration-ms="38000">
      <class name="test.VoicePadTest">
        <test-method is-config="true" signature="setUp()[pri:0, instance:test.VoicePadTest@78691363]" started-at="2018-07-27T21:15:58Z" name="setUp" finished-at="2018-07-27T21:16:08Z" duration-ms="9501" status="PASS">
          <reporter-output>
          </reporter-output>
        </test-method> <!-- setUp -->
        <test-method signature="voicePadToLionDesk()[pri:0, instance:test.VoicePadTest@78691363]" started-at="2018-07-27T21:16:08Z" name="voicePadToLionDesk" finished-at="2018-07-27T21:16:36Z" duration-ms="28157" status="PASS">
          <reporter-output>
          </reporter-output>
        </test-method> <!-- voicePadToLionDesk -->
        <test-method is-config="true" signature="tearDown()[pri:0, instance:test.VoicePadTest@78691363]" started-at="2018-07-27T21:16:36Z" name="tearDown" finished-at="2018-07-27T21:16:36Z" duration-ms="312" status="PASS">
          <reporter-output>
          </reporter-output>
        </test-method> <!-- tearDown -->
      </class> <!-- test.VoicePadTest -->
    </test> <!-- TEST -->
  </suite> <!-- TEST -->
</testng-results>
