<?xml version="1.0" encoding="UTF-8"?>
<!-- Generated by org.testng.reporters.JUnitXMLReporter -->
<testsuite ignored="9" hostname="esolis-2.local" failures="1" tests="1" name="Test" time="76.159" errors="0" timestamp="22 May 2018 13:32:42 GMT">
  <testcase classname="RealSynchTest" name="rsE2E" time="65.114">
    <failure type="org.openqa.selenium.InvalidSelectorException" message="Given xpath expression &amp;quot;&amp;quot; is invalid: SyntaxError: The expression is not a legal expression.
For documentation on this error, please visit: http://seleniumhq.org/exceptions/invalid_selector_exception.html
Build info: version: &amp;apos;3.7.1&amp;apos;, revision: &amp;apos;8a0099a&amp;apos;, time: &amp;apos;2017-11-06T21:01:39.354Z&amp;apos;
System info: host: &amp;apos;esolis-2.local&amp;apos;, ip: &amp;apos;fe80:0:0:0:b0:bd07:c6a5:81aa%en0&amp;apos;, os.name: &amp;apos;Mac OS X&amp;apos;, os.arch: &amp;apos;x86_64&amp;apos;, os.version: &amp;apos;10.13.2&amp;apos;, java.version: &amp;apos;9&amp;apos;
Driver info: org.openqa.selenium.remote.RemoteWebDriver
Capabilities {acceptInsecureCerts: true, browserName: firefox, browserVersion: 58.0.2, javascriptEnabled: true, moz:accessibilityChecks: false, moz:headless: false, moz:processID: 31776, moz:profile: /tmp/rust_mozprofile.xVvMVA..., moz:webdriverClick: true, pageLoadStrategy: normal, platform: LINUX, platformName: LINUX, platformVersion: 4.15.13-x86_64-linode106, rotatable: false, timeouts: {implicit: 0, pageLoad: 300000, script: 30000}, webdriver.remote.sessionid: 460f897b-acb1-49a3-83e4-2df...}
Session ID: 460f897b-acb1-49a3-83e4-2dfea1f8baed
*** Element info: {Using=xpath, value=}">
      <![CDATA[org.openqa.selenium.InvalidSelectorException: Given xpath expression "" is invalid: SyntaxError: The expression is not a legal expression.
For documentation on this error, please visit: http://seleniumhq.org/exceptions/invalid_selector_exception.html
Build info: version: '3.7.1', revision: '8a0099a', time: '2017-11-06T21:01:39.354Z'
System info: host: 'esolis-2.local', ip: 'fe80:0:0:0:b0:bd07:c6a5:81aa%en0', os.name: 'Mac OS X', os.arch: 'x86_64', os.version: '10.13.2', java.version: '9'
Driver info: org.openqa.selenium.remote.RemoteWebDriver
Capabilities {acceptInsecureCerts: true, browserName: firefox, browserVersion: 58.0.2, javascriptEnabled: true, moz:accessibilityChecks: false, moz:headless: false, moz:processID: 31776, moz:profile: /tmp/rust_mozprofile.xVvMVA..., moz:webdriverClick: true, pageLoadStrategy: normal, platform: LINUX, platformName: LINUX, platformVersion: 4.15.13-x86_64-linode106, rotatable: false, timeouts: {implicit: 0, pageLoad: 300000, script: 30000}, webdriver.remote.sessionid: 460f897b-acb1-49a3-83e4-2df...}
Session ID: 460f897b-acb1-49a3-83e4-2dfea1f8baed
*** Element info: {Using=xpath, value=}
at org.openqa.selenium.remote.http.W3CHttpResponseCodec.createException(W3CHttpResponseCodec.java:187)
at org.openqa.selenium.remote.http.W3CHttpResponseCodec.decode(W3CHttpResponseCodec.java:122)
at org.openqa.selenium.remote.http.W3CHttpResponseCodec.decode(W3CHttpResponseCodec.java:49)
at org.openqa.selenium.remote.HttpCommandExecutor.execute(HttpCommandExecutor.java:164)
at org.openqa.selenium.remote.RemoteWebDriver.execute(RemoteWebDriver.java:600)
at org.openqa.selenium.remote.RemoteWebDriver.findElement(RemoteWebDriver.java:370)
at org.openqa.selenium.remote.RemoteWebDriver.findElementByXPath(RemoteWebDriver.java:472)
at org.openqa.selenium.By$ByXPath.findElement(By.java:361)
at org.openqa.selenium.remote.RemoteWebDriver.findElement(RemoteWebDriver.java:362)
at org.openqa.selenium.support.pagefactory.DefaultElementLocator.findElement(DefaultElementLocator.java:69)
at org.openqa.selenium.support.pagefactory.internal.LocatingElementHandler.invoke(LocatingElementHandler.java:38)
at com.sun.proxy.$Proxy9.click(Unknown Source)
at LogoutPage.logOut(LogoutPage.java:52)
at RealSynchTest.rsE2E(RealSynchTest.java:52)
... Removed 32 stack frames]]>
    </failure>
  </testcase> <!-- rsE2E -->
  <testcase classname="RealSynchTest" name="rsPswRecovery" time="0.0">
    <ignored/>
  </testcase> <!-- rsPswRecovery -->
  <testcase classname="RealSynchTest" name="login" time="0.0">
    <ignored/>
  </testcase> <!-- login -->
  <testcase classname="RealSynchTest" name="actSynch" time="0.0">
    <ignored/>
  </testcase> <!-- actSynch -->
  <testcase classname="RealSynchTest" name="scIdXToFuB" time="0.0">
    <ignored/>
  </testcase> <!-- scIdXToFuB -->
  <testcase classname="RealSynchTest" name="deactivateSynch" time="0.0">
    <ignored/>
  </testcase> <!-- deactivateSynch -->
  <testcase classname="RealSynchTest" name="sIdXCreds" time="0.0">
    <ignored/>
  </testcase> <!-- sIdXCreds -->
  <testcase classname="RealSynchTest" name="reg" time="0.0">
    <ignored/>
  </testcase> <!-- reg -->
  <testcase classname="RealSynchTest" name="logOutFlow" time="0.0">
    <ignored/>
  </testcase> <!-- logOutFlow -->
  <testcase classname="RealSynchTest" name="modifyPlan" time="0.0">
    <ignored/>
  </testcase> <!-- modifyPlan -->
</testsuite> <!-- Test -->
